# JRE version: Java(TM) SE Runtime Environment (10.0.2+13) (build 10.0.2+13)
# Java VM: Java HotSpot(TM) 64-Bit Server VM (10.0.2+13, mixed mode, tiered, compressed oops, g1 gc, windows-amd64)
Heap:
 garbage-first heap   total 118784K, used 13915K [0x00000000a1c00000, 0x0000000100000000)
  region size 1024K, 5 young (5120K), 5 survivors (5120K)
 Metaspace       used 31307K, capacity 32051K, committed 32256K, reserved 1083392K
  class space    used 3691K, capacity 3975K, committed 4096K, reserved 1048576K
GC Heap History (10 events):
Event: 1.809 GC heap after
{Heap after GC invocations=3 (full 0):
 garbage-first heap   total 98304K, used 6697K [0x00000000a1c00000, 0x0000000100000000)
  region size 1024K, 1 young (1024K), 1 survivors (1024K)
 Metaspace       used 10469K, capacity 10655K, committed 11008K, reserved 1058816K
  class space    used 1085K, capacity 1153K, committed 1280K, reserved 1048576K
}
Event: 2.482 GC heap before
{Heap before GC invocations=3 (full 0):
 garbage-first heap   total 98304K, used 44585K [0x00000000a1c00000, 0x0000000100000000)
  region size 1024K, 38 young (38912K), 1 survivors (1024K)
 Metaspace       used 15772K, capacity 16118K, committed 16256K, reserved 1062912K
  class space    used 1736K, capacity 1881K, committed 1920K, reserved 1048576K
}
Event: 2.488 GC heap after
{Heap after GC invocations=4 (full 0):
 garbage-first heap   total 98304K, used 7825K [0x00000000a1c00000, 0x0000000100000000)
  region size 1024K, 2 young (2048K), 2 survivors (2048K)
 Metaspace       used 15772K, capacity 16118K, committed 16256K, reserved 1062912K
  class space    used 1736K, capacity 1881K, committed 1920K, reserved 1048576K
}
Event: 3.009 GC heap before
{Heap before GC invocations=4 (full 0):
 garbage-first heap   total 98304K, used 37521K [0x00000000a1c00000, 0x0000000100000000)
  region size 1024K, 32 young (32768K), 2 survivors (2048K)
 Metaspace       used 20689K, capacity 21004K, committed 21296K, reserved 1069056K
  class space    used 2423K, capacity 2580K, committed 2688K, reserved 1048576K
}
Event: 3.016 GC heap after
{Heap after GC invocations=5 (full 0):
 garbage-first heap   total 98304K, used 8955K [0x00000000a1c00000, 0x0000000100000000)
  region size 1024K, 3 young (3072K), 3 survivors (3072K)
 Metaspace       used 20689K, capacity 21004K, committed 21296K, reserved 1069056K
  class space    used 2423K, capacity 2580K, committed 2688K, reserved 1048576K
}
Event: 4.201 GC heap before
{Heap before GC invocations=6 (full 0):
 garbage-first heap   total 98304K, used 55035K [0x00000000a1c00000, 0x0000000100000000)
  region size 1024K, 48 young (49152K), 3 survivors (3072K)
 Metaspace       used 27847K, capacity 28407K, committed 28544K, reserved 1075200K
  class space    used 3247K, capacity 3450K, committed 3456K, reserved 1048576K
}
Event: 4.211 GC heap after
{Heap after GC invocations=7 (full 0):
 garbage-first heap   total 98304K, used 11232K [0x00000000a1c00000, 0x0000000100000000)
  region size 1024K, 5 young (5120K), 5 survivors (5120K)
 Metaspace       used 27847K, capacity 28407K, committed 28544K, reserved 1075200K
  class space    used 3247K, capacity 3450K, committed 3456K, reserved 1048576K
}
Event: 4.643 GC heap before
{Heap before GC invocations=7 (full 0):
 garbage-first heap   total 98304K, used 61408K [0x00000000a1c00000, 0x0000000100000000)
  region size 1024K, 54 young (55296K), 5 survivors (5120K)
 Metaspace       used 29330K, capacity 30065K, committed 30336K, reserved 1075200K
  class space    used 3434K, capacity 3700K, committed 3712K, reserved 1048576K
}
Event: 4.656 GC heap after
{Heap after GC invocations=8 (full 0):
 garbage-first heap   total 98304K, used 12573K [0x00000000a1c00000, 0x0000000100000000)
  region size 1024K, 5 young (5120K), 5 survivors (5120K)
 Metaspace       used 29330K, capacity 30065K, committed 30336K, reserved 1075200K
  class space    used 3434K, capacity 3700K, committed 3712K, reserved 1048576K
}
Event: 5.519 GC heap before
{Heap before GC invocations=8 (full 0):
 garbage-first heap   total 98304K, used 35101K [0x00000000a1c00000, 0x0000000100000000)
  region size 1024K, 28 young (28672K), 5 survivors (5120K)
 Metaspace       used 31307K, capacity 32051K, committed 32256K, reserved 1083392K
  class space    used 3691K, capacity 3975K, committed 4096K, reserved 1048576K
}

