# JRE version: Java(TM) SE Runtime Environment (10.0.2+13) (build 10.0.2+13)
# Java VM: Java HotSpot(TM) 64-Bit Server VM (10.0.2+13, mixed mode, tiered, compressed oops, g1 gc, windows-amd64)
Heap:
 garbage-first heap   total 118784K, used 13102K [0x00000000a1c00000, 0x0000000100000000)
  region size 1024K, 5 young (5120K), 5 survivors (5120K)
 Metaspace       used 29449K, capacity 30113K, committed 30464K, reserved 1075200K
  class space    used 3446K, capacity 3736K, committed 3840K, reserved 1048576K
GC Heap History (10 events):
Event: 1.712 GC heap before
{Heap before GC invocations=1 (full 0):
 garbage-first heap   total 98304K, used 17453K [0x00000000a1c00000, 0x0000000100000000)
  region size 1024K, 13 young (13312K), 2 survivors (2048K)
 Metaspace       used 10475K, capacity 10655K, committed 11008K, reserved 1058816K
  class space    used 1085K, capacity 1153K, committed 1280K, reserved 1048576K
}
Event: 1.721 GC heap after
{Heap after GC invocations=2 (full 0):
 garbage-first heap   total 98304K, used 6836K [0x00000000a1c00000, 0x0000000100000000)
  region size 1024K, 1 young (1024K), 1 survivors (1024K)
 Metaspace       used 10475K, capacity 10655K, committed 11008K, reserved 1058816K
  class space    used 1085K, capacity 1153K, committed 1280K, reserved 1048576K
}
Event: 1.741 GC heap before
{Heap before GC invocations=2 (full 0):
 garbage-first heap   total 98304K, used 34484K [0x00000000a1c00000, 0x0000000100000000)
  region size 1024K, 28 young (28672K), 1 survivors (1024K)
 Metaspace       used 10478K, capacity 10655K, committed 11008K, reserved 1058816K
  class space    used 1085K, capacity 1153K, committed 1280K, reserved 1048576K
}
Event: 1.742 GC heap after
{Heap after GC invocations=3 (full 0):
 garbage-first heap   total 98304K, used 6671K [0x00000000a1c00000, 0x0000000100000000)
  region size 1024K, 1 young (1024K), 1 survivors (1024K)
 Metaspace       used 10478K, capacity 10655K, committed 11008K, reserved 1058816K
  class space    used 1085K, capacity 1153K, committed 1280K, reserved 1048576K
}
Event: 2.613 GC heap before
{Heap before GC invocations=3 (full 0):
 garbage-first heap   total 98304K, used 49679K [0x00000000a1c00000, 0x0000000100000000)
  region size 1024K, 43 young (44032K), 1 survivors (1024K)
 Metaspace       used 18095K, capacity 18472K, committed 18688K, reserved 1064960K
  class space    used 2116K, capacity 2283K, committed 2304K, reserved 1048576K
}
Event: 2.620 GC heap after
{Heap after GC invocations=4 (full 0):
 garbage-first heap   total 98304K, used 8534K [0x00000000a1c00000, 0x0000000100000000)
  region size 1024K, 3 young (3072K), 3 survivors (3072K)
 Metaspace       used 18095K, capacity 18472K, committed 18688K, reserved 1064960K
  class space    used 2116K, capacity 2283K, committed 2304K, reserved 1048576K
}
Event: 2.923 GC heap before
{Heap before GC invocations=4 (full 0):
 garbage-first heap   total 98304K, used 21846K [0x00000000a1c00000, 0x0000000100000000)
  region size 1024K, 17 young (17408K), 3 survivors (3072K)
 Metaspace       used 20657K, capacity 21015K, committed 21296K, reserved 1069056K
  class space    used 2421K, capacity 2584K, committed 2688K, reserved 1048576K
}
Event: 2.930 GC heap after
{Heap after GC invocations=5 (full 0):
 garbage-first heap   total 98304K, used 9001K [0x00000000a1c00000, 0x0000000100000000)
  region size 1024K, 3 young (3072K), 3 survivors (3072K)
 Metaspace       used 20657K, capacity 21015K, committed 21296K, reserved 1069056K
  class space    used 2421K, capacity 2584K, committed 2688K, reserved 1048576K
}
Event: 4.118 GC heap before
{Heap before GC invocations=6 (full 0):
 garbage-first heap   total 98304K, used 60201K [0x00000000a1c00000, 0x0000000100000000)
  region size 1024K, 53 young (54272K), 3 survivors (3072K)
 Metaspace       used 27876K, capacity 28461K, committed 28672K, reserved 1075200K
  class space    used 3241K, capacity 3485K, committed 3584K, reserved 1048576K
}
Event: 4.129 GC heap after
{Heap after GC invocations=7 (full 0):
 garbage-first heap   total 98304K, used 11582K [0x00000000a1c00000, 0x0000000100000000)
  region size 1024K, 6 young (6144K), 6 survivors (6144K)
 Metaspace       used 27876K, capacity 28461K, committed 28672K, reserved 1075200K
  class space    used 3241K, capacity 3485K, committed 3584K, reserved 1048576K
}

